Build started 2013-10-06 오후 2:18:15.
     1>Project "D:\prac\shader\rendermonkey\TextureMapping\DX_Frame\ShaderFramework\ShaderFramework_2010.vcxproj" on node 2 (build target(s)).
     1>InitializeBuildStatus:
         Creating "Debug\ShaderFramework.unsuccessfulbuild" because "AlwaysCreate" was specified.
       ClCompile:
         All outputs are up-to-date.
         C:\Program Files (x86)\Microsoft Visual Studio 10.0\VC\bin\CL.exe /c /IDXUT\Core /IDXUT\Optional /ZI /nologo /W4 /WX- /Od /Oi /Oy- /D WIN32 /D _DEBUG /D DEBUG /D PROFILE /D _WINDOWS /D D3DXFX_LARGEADDRESS_HANDLE /D _UNICODE /D UNICODE /Gm- /EHsc /RTC1 /MDd /GS /arch:SSE2 /fp:fast /Zc:wchar_t /Zc:forScope /openmp- /Yu"DXUT.h" /Fp"Debug\ShaderFramework.pch" /Fo"Debug\\" /Fd"Debug\vc100.pdb" /Gd /TP /analyze- /errorReport:prompt ShaderFramework.cpp  
         ShaderFramework.cpp
       ResourceCompile:
         All outputs are up-to-date.
       ManifestResourceCompile:
         All outputs are up-to-date.
       Link:
         C:\Program Files (x86)\Microsoft Visual Studio 10.0\VC\bin\link.exe /ERRORREPORT:PROMPT /OUT:"D:\prac\shader\rendermonkey\TextureMapping\DX_Frame\ShaderFramework\Debug\ShaderFramework.exe" /INCREMENTAL /NOLOGO d3dx10d.lib d3dx9d.lib dxerr.lib dxguid.lib winmm.lib comctl32.lib kernel32.lib user32.lib gdi32.lib winspool.lib comdlg32.lib advapi32.lib shell32.lib ole32.lib oleaut32.lib uuid.lib odbc32.lib odbccp32.lib /MANIFEST /ManifestFile:"Debug\ShaderFramework.exe.intermediate.manifest" /MANIFESTUAC:"level='asInvoker' uiAccess='false'" /DEBUG /PDB:"D:\prac\shader\rendermonkey\TextureMapping\DX_Frame\ShaderFramework\Debug\ShaderFramework.pdb" /SUBSYSTEM:WINDOWS /LARGEADDRESSAWARE /TLBID:1 /DYNAMICBASE /NXCOMPAT /IMPLIB:"D:\prac\shader\rendermonkey\TextureMapping\DX_Frame\ShaderFramework\Debug\ShaderFramework.lib" /MACHINE:X86 Debug\ShaderFramework.res
         Debug\ShaderFramework.exe.embed.manifest.res
         Debug\DXUT.obj
         Debug\DXUTenum.obj
         Debug\DXUTmisc.obj
         Debug\DXUTcamera.obj
         Debug\DXUTgui.obj
         Debug\DXUTres.obj
         Debug\DXUTsettingsdlg.obj
         Debug\SDKmesh.obj
         Debug\SDKmisc.obj
         Debug\ShaderFramework.obj  
       Manifest:
         C:\Program Files (x86)\Microsoft SDKs\Windows\v7.0A\bin\mt.exe /nologo /verbose /out:"Debug\ShaderFramework.exe.embed.manifest" /manifest Debug\ShaderFramework.exe.intermediate.manifest "C:\Program Files (x86)\Microsoft Visual Studio 10.0\VC\Include\Manifest\dpiaware.manifest"
         All outputs are up-to-date.
       LinkEmbedManifest:
         All outputs are up-to-date.
         ShaderFramework_2010.vcxproj -> D:\prac\shader\rendermonkey\TextureMapping\DX_Frame\ShaderFramework\Debug\ShaderFramework.exe
       FinalizeBuildStatus:
         Deleting file "Debug\ShaderFramework.unsuccessfulbuild".
         Touching "Debug\ShaderFramework.lastbuildstate".
     1>Done Building Project "D:\prac\shader\rendermonkey\TextureMapping\DX_Frame\ShaderFramework\ShaderFramework_2010.vcxproj" (build target(s)).

Build succeeded.

Time Elapsed 00:00:01.11
